Oct 20, 2021 8:44:11 AM org.apache.karaf.main.Main launch
INFO: Installing and starting initial bundles
Oct 20, 2021 8:44:12 AM org.apache.karaf.main.Main launch
INFO: All initial bundles installed and set to start
Oct 20, 2021 8:44:13 AM org.apache.karaf.main.Main$KarafLockCallback lockAcquired
INFO: Lock acquired. Setting startlevel to 100
Oct 21, 2021 3:42:44 AM org.apache.karaf.main.Main launch
INFO: Installing and starting initial bundles
Oct 21, 2021 3:42:45 AM org.apache.karaf.main.Main launch
INFO: All initial bundles installed and set to start
Oct 21, 2021 3:42:45 AM org.apache.karaf.main.Main$KarafLockCallback lockAcquired
INFO: Lock acquired. Setting startlevel to 100
Oct 21, 2021 5:51:47 AM org.apache.karaf.main.Main launch
INFO: Installing and starting initial bundles
Oct 21, 2021 5:51:48 AM org.apache.karaf.main.Main launch
INFO: All initial bundles installed and set to start
Oct 21, 2021 5:51:48 AM org.apache.karaf.main.Main$KarafLockCallback lockAcquired
INFO: Lock acquired. Setting startlevel to 100
Oct 27, 2021 6:19:09 AM org.apache.karaf.main.Main launch
INFO: Installing and starting initial bundles
Oct 27, 2021 6:19:10 AM org.apache.karaf.main.Main launch
INFO: All initial bundles installed and set to start
Oct 27, 2021 6:19:11 AM org.apache.karaf.main.Main$KarafLockCallback lockAcquired
INFO: Lock acquired. Setting startlevel to 100
Oct 28, 2021 12:38:10 AM org.apache.karaf.main.Main launch
INFO: Installing and starting initial bundles
Oct 28, 2021 12:38:10 AM org.apache.karaf.main.Main launch
INFO: All initial bundles installed and set to start
Oct 28, 2021 12:38:10 AM org.apache.karaf.main.Main$KarafLockCallback lockAcquired
INFO: Lock acquired. Setting startlevel to 100
